android/app/build/outputs/logs/manifest-merger-release-report.txt
-- Merging decision tree log ---
manifest
ADDED from src\main\AndroidManifest.xml:1:1-53:12
INJECTED from src\main\AndroidManifest.xml:1:1-53:12
INJECTED from src\main\AndroidManifest.xml:1:1-53:12
INJECTED from src\main\AndroidManifest.xml:1:1-53:12
MERGED from [:firebase_database] AndroidManifest.xml:2:1-17:12
MERGED from [:cloud_firestore] AndroidManifest.xml:2:1-17:12
MERGED from [:firebase_storage] AndroidManifest.xml:2:1-17:12
MERGED from [:firebase_messaging] AndroidManifest.xml:2:1-50:12
MERGED from [:firebase_core] AndroidManifest.xml:2:1-17:12
MERGED from [:geolocator_android] AndroidManifest.xml:2:1-19:12
MERGED from [:google_maps_flutter_android] AndroidManifest.xml:2:1-9:12
MERGED from [:flutter_plugin_android_lifecycle] AndroidManifest.xml:2:1-9:12
MERGED from [:flutter_local_notifications] AndroidManifest.xml:2:1-31:12
MERGED from [:url_launcher_android] AndroidManifest.xml:2:1-16:12
MERGED from [:path_provider_android] AndroidManifest.xml:2:1-9:12
MERGED from [:android_intent_plus] AndroidManifest.xml:2:1-9:12
MERGED from [:qr_code_scanner] AndroidManifest.xml:2:1-11:12
MERGED from [:webview_flutter_android] AndroidManifest.xml:2:1-9:12
MERGED from [:shared_preferences_android] AndroidManifest.xml:2:1-9:12
MERGED from [:geocoding] AndroidManifest.xml:2:1-9:12
MERGED from [:fluttertoast] AndroidManifest.xml:2:1-9:12
MERGED from [:location] AndroidManifest.xml:2:1-20:12
MERGED from [androidx.multidex:multidex:2.0.0] AndroidManifest.xml:17:1-22:12
MERGED from [com.google.firebase:firebase-analytics:21.2.0] AndroidManifest.xml:2:1-9:12
MERGED from [com.google.firebase:firebase-messaging:23.1.0] AndroidManifest.xml:17:1-61:12
MERGED from [com.google.firebase:firebase-datatransport:18.1.7] AndroidManifest.xml:15:1-33:12
MERGED from [com.google.android.datatransport:transport-backend-cct:3.1.8] AndroidManifest.xml:15:1-37:12
MERGED from [com.google.android.datatransport:transport-runtime:3.1.8] AndroidManifest.xml:15:1-41:12
MERGED from [com.google.firebase:firebase-encoders-json:18.0.0] AndroidManifest.xml:15:1-23:12
MERGED from [com.google.firebase:firebase-iid:21.1.0] AndroidManifest.xml:17:1-38:12
MERGED from [com.google.firebase:firebase-firestore:24.4.0] AndroidManifest.xml:2:1-25:12
MERGED from [com.google.firebase:firebase-storage:20.1.0] AndroidManifest.xml:15:1-38:12
MERGED from [com.google.firebase:firebase-database:20.1.0] AndroidManifest.xml:15:1-37:12
MERGED from [com.google.android.gms:play-services-measurement-api:21.2.0] AndroidManifest.xml:17:1-37:12
MERGED from [com.google.firebase:firebase-appcheck-interop:16.1.0] AndroidManifest.xml:15:1-25:12
MERGED from [com.google.firebase:firebase-auth-interop:19.0.2] AndroidManifest.xml:2:1-10:12
MERGED from [com.google.firebase:firebase-installations:17.1.0] AndroidManifest.xml:2:1-23:12
MERGED from [com.google.firebase:firebase-common:20.2.0] AndroidManifest.xml:15:1-39:12
MERGED from [androidx.media:media:1.1.0] AndroidManifest.xml:17:1-24:12
MERGED from [androidx.appcompat:appcompat:1.4.2] AndroidManifest.xml:17:1-24:12
MERGED from [androidx.webkit:webkit:1.5.0] AndroidManifest.xml:17:1-22:12
MERGED from [androidx.core:core-ktx:1.3.2] AndroidManifest.xml:2:1-9:12
MERGED from [androidx.window:window-java:1.0.0-beta04] AndroidManifest.xml:17:1-23:12
MERGED from [com.google.android.gms:play-services-location:20.0.0] AndroidManifest.xml:2:1-9:12
MERGED from [com.google.android.gms:play-services-maps:18.1.0] AndroidManifest.xml:17:1-44:12
MERGED from [com.google.android.gms:play-services-measurement:21.2.0] AndroidManifest.xml:17:1-46:12
MERGED from [com.google.android.gms:play-services-measurement-sdk:21.2.0] AndroidManifest.xml:17:1-25:12
MERGED from [com.google.firebase:firebase-database-collection:18.0.1] AndroidManifest.xml:2:1-9:12
MERGED from [com.google.android.gms:play-services-base:18.0.1] AndroidManifest.xml:16:1-24:12
MERGED from [com.google.android.gms:play-services-cloud-messaging:17.0.1] AndroidManifest.xml:2:1-13:12
MERGED from [com.google.firebase:firebase-iid-interop:17.1.0] AndroidManifest.xml:2:1-10:12
MERGED from [com.google.firebase:firebase-installations-interop:17.1.0] AndroidManifest.xml:15:1-22:12
MERGED from [com.google.android.gms:play-services-tasks:18.0.1] AndroidManifest.xml:2:1-6:12
MERGED from [com.google.android.gms:play-services-measurement-impl:21.2.0] AndroidManifest.xml:17:1-32:12
MERGED from [com.google.android.gms:play-services-stats:17.0.2] AndroidManifest.xml:2:1-9:12
MERGED from [com.google.firebase:firebase-measurement-connector:19.0.0] AndroidManifest.xml:17:1-25:12
MERGED from [com.google.android.gms:play-services-ads-identifier:18.0.0] AndroidManifest.xml:17:1-27:12
MERGED from [com.google.android.gms:play-services-measurement-sdk-api:21.2.0] AndroidManifest.xml:17:1-28:12
MERGED from [com.google.android.gms:play-services-measurement-base:21.2.0] AndroidManifest.xml:2:1-9:12
MERGED from [com.google.android.gms:play-services-basement:18.1.0] AndroidManifest.xml:16:1-26:12
MERGED from [androidx.fragment:fragment:1.3.6] AndroidManifest.xml:17:1-24:12
MERGED from [androidx.activity:activity:1.2.4] AndroidManifest.xml:17:1-24:12
MERGED from [androidx.appcompat:appcompat-resources:1.4.2] AndroidManifest.xml:17:1-24:12
MERGED from [androidx.drawerlayout:drawerlayout:1.0.0] AndroidManifest.xml:17:1-22:12
MERGED from [androidx.emoji2:emoji2-views-helper:1.0.0] AndroidManifest.xml:17:1-24:12
MERGED from [androidx.emoji2:emoji2:1.0.0] AndroidManifest.xml:17:1-37:12
MERGED from [androidx.legacy:legacy-support-core-utils:1.0.0] AndroidManifest.xml:17:1-22:12
MERGED from [androidx.window:window:1.0.0-beta04] AndroidManifest.xml:17:1-33:12
MERGED from [androidx.viewpager:viewpager:1.0.0] AndroidManifest.xml:17:1-22:12
MERGED from [androidx.loader:loader:1.0.0] AndroidManifest.xml:17:1-22:12
MERGED from [androidx.vectordrawable:vectordrawable-animated:1.1.0] AndroidManifest.xml:17:1-24:12
MERGED from [androidx.vectordrawable:vectordrawable:1.1.0] AndroidManifest.xml:17:1-24:12
MERGED from [androidx.customview:customview:1.0.0] AndroidManifest.xml:17:1-22:12
MERGED from [androidx.core:core:1.8.0] AndroidManifest.xml:17:1-26:12
MERGED from [androidx.localbroadcastmanager:localbroadcastmanager:1.1.0] AndroidManifest.xml:17:1-24:12
MERGED from [androidx.lifecycle:lifecycle-process:2.4.0] AndroidManifest.xml:17:1-37:12
MERGED from [androidx.startup:startup-runtime:1.0.0] AndroidManifest.xml:17:1-33:12
MERGED from [androidx.tracing:tracing:1.0.0] AndroidManifest.xml:17:1-24:12
MERGED from [com.google.firebase:firebase-components:17.0.1] AndroidManifest.xml:15:1-23:12
MERGED from [androidx.versionedparcelable:versionedparcelable:1.1.1] AndroidManifest.xml:17:1-27:12
MERGED from [androidx.cursoradapter:cursoradapter:1.0.0] AndroidManifest.xml:17:1-22:12
MERGED from [androidx.lifecycle:lifecycle-viewmodel-savedstate:2.3.1] AndroidManifest.xml:17:1-24:12
MERGED from [androidx.savedstate:savedstate:1.1.0] AndroidManifest.xml:17:1-24:12
MERGED from [androidx.lifecycle:lifecycle-viewmodel:2.3.1] AndroidManifest.xml:17:1-24:12
MERGED from [com.google.android.datatransport:transport-api:3.0.0] AndroidManifest.xml:15:1-22:12
MERGED from [androidx.lifecycle:lifecycle-livedata:2.0.0] AndroidManifest.xml:17:1-22:12
MERGED from [androidx.lifecycle:lifecycle-livedata-core:2.3.1] AndroidManifest.xml:17:1-24:12
MERGED from [androidx.lifecycle:lifecycle-runtime:2.4.0] AndroidManifest.xml:17:1-24:12
MERGED from [androidx.arch.core:core-runtime:2.1.0] AndroidManifest.xml:17:1-24:12
MERGED from [androidx.documentfile:documentfile:1.0.0] AndroidManifest.xml:17:1-22:12
MERGED from [androidx.print:print:1.0.0] AndroidManifest.xml:17:1-22:12
MERGED from [androidx.interpolator:interpolator:1.0.0] AndroidManifest.xml:17:1-22:12
MERGED from [io.grpc:grpc-android:1.48.1] AndroidManifest.xml:2:1-11:12
MERGED from [com.jakewharton.threetenabp:threetenabp:1.2.3] AndroidManifest.xml:2:1-9:12
MERGED from [com.journeyapps:zxing-android-embedded:4.3.0] AndroidManifest.xml:17:1-56:12
MERGED from [androidx.annotation:annotation-experimental:1.1.0] AndroidManifest.xml:17:1-24:12
MERGED from [com.google.firebase:protolite-well-known-types:18.0.0] AndroidManifest.xml:2:1-11:12
INJECTED from src\main\AndroidManifest.xml:1:1-53:12
INJECTED from src\main\AndroidManifest.xml:1:1-53:12
INJECTED from src\main\AndroidManifest.xml:1:1-53:12
	package
		ADDED from src\main\AndroidManifest.xml:2:5-47
		INJECTED from src\main\AndroidManifest.xml
		INJECTED from src\main\AndroidManifest.xml
	android:versionName
		INJECTED from src\main\AndroidManifest.xml
		ADDED from src\main\AndroidManifest.xml:1:1-53:12
		INJECTED from src\main\AndroidManifest.xml
	android:versionCode
		INJECTED from src\main\AndroidManifest.xml
		ADDED from src\main\AndroidManifest.xml:1:1-53:12
		INJECTED from src\main\AndroidManifest.xml
	xmlns:android
		ADDED from src\main\AndroidManifest.xml:1:11-69
uses-permission#android.permission.READ_EXTERNAL_STORAGE
ADDED from src\main\AndroidManifest.xml:3:5-80
	android:name
		ADDED from src\main\AndroidManifest.xml:3:22-77
uses-permission#android.permission.CAMERA
ADDED from src\main\AndroidManifest.xml:4:5-65
MERGED from [com.journeyapps:zxing-android-embedded:4.3.0] AndroidManifest.xml:22:5-65
MERGED from [com.journeyapps:zxing-android-embedded:4.3.0] AndroidManifest.xml:22:5-65
	android:name
		ADDED from src\main\AndroidManifest.xml:4:22-62
uses-permission#android.permission.INTERNET
ADDED from src\main\AndroidManifest.xml:5:5-67
MERGED from [:firebase_messaging] AndroidManifest.xml:9:5-67
MERGED from [:firebase_messaging] AndroidManifest.xml:9:5-67
MERGED from [com.google.android.datatransport:transport-backend-cct:3.1.8] AndroidManifest.xml:25:5-67
MERGED from [com.google.android.datatransport:transport-backend-cct:3.1.8] AndroidManifest.xml:25:5-67
MERGED from [com.google.firebase:firebase-iid:21.1.0] AndroidManifest.xml:23:5-67
MERGED from [com.google.firebase:firebase-iid:21.1.0] AndroidManifest.xml:23:5-67
MERGED from [com.google.firebase:firebase-firestore:24.4.0] AndroidManifest.xml:13:5-67
MERGED from [com.google.firebase:firebase-firestore:24.4.0] AndroidManifest.xml:13:5-67
MERGED from [com.google.firebase:firebase-storage:20.1.0] AndroidManifest.xml:26:5-67
MERGED from [com.google.firebase:firebase-storage:20.1.0] AndroidManifest.xml:26:5-67
MERGED from [com.google.firebase:firebase-database:20.1.0] AndroidManifest.xml:25:5-67
MERGED from [com.google.firebase:firebase-database:20.1.0] AndroidManifest.xml:25:5-67
MERGED from [com.google.android.gms:play-services-measurement-api:21.2.0] AndroidManifest.xml:22:5-67
MERGED from [com.google.android.gms:play-services-measurement-api:21.2.0] AndroidManifest.xml:22:5-67
MERGED from [com.google.firebase:firebase-installations:17.1.0] AndroidManifest.xml:10:5-67
MERGED from [com.google.firebase:firebase-installations:17.1.0] AndroidManifest.xml:10:5-67
MERGED from [com.google.android.gms:play-services-maps:18.1.0] AndroidManifest.xml:24:5-67
MERGED from [com.google.android.gms:play-services-maps:18.1.0] AndroidManifest.xml:24:5-67
MERGED from [com.google.android.gms:play-services-measurement:21.2.0] AndroidManifest.xml:23:5-67
MERGED from [com.google.android.gms:play-services-measurement:21.2.0] AndroidManifest.xml:23:5-67
MERGED from [com.google.android.gms:play-services-cloud-messaging:17.0.1] AndroidManifest.xml:8:5-67
MERGED from [com.google.android.gms:play-services-cloud-messaging:17.0.1] AndroidManifest.xml:8:5-67
MERGED from [com.google.android.gms:play-services-measurement-impl:21.2.0] AndroidManifest.xml:23:5-67
MERGED from [com.google.android.gms:play-services-measurement-impl:21.2.0] AndroidManifest.xml:23:5-67
MERGED from [com.google.android.gms:play-services-measurement-sdk-api:21.2.0] AndroidManifest.xml:23:5-67
MERGED from [com.google.android.gms:play-services-measurement-sdk-api:21.2.0] AndroidManifest.xml:23:5-67
	android:name
		ADDED from src\main\AndroidManifest.xml:5:22-64
uses-permission#android.permission.ACCESS_FINE_LOCATION
ADDED from src\main\AndroidManifest.xml:6:5-79
MERGED from [:location] AndroidManifest.xml:10:5-79
MERGED from [:location] AndroidManifest.xml:10:5-79
	android:name
		ADDED from src\main\AndroidManifest.xml:6:22-76
application
ADDED from src\main\AndroidManifest.xml:7:4-52:18
MERGED from [:firebase_database] AndroidManifest.xml:9:5-15:19
MERGED from [:firebase_database] AndroidManifest.xml:9:5-15:19
MERGED from [:cloud_firestore] AndroidManifest.xml:9:5-15:19
MERGED from [:cloud_firestore] AndroidManifest.xml:9:5-15:19
MERGED from [:firebase_storage] AndroidManifest.xml:9:5-15:19
MERGED from [:firebase_storage] AndroidManifest.xml:9:5-15:19
MERGED from [:firebase_messaging] AndroidManifest.xml:15:5-48:19
MERGED from [:firebase_messaging] AndroidManifest.xml:15:5-48:19
MERGED from [:firebase_core] AndroidManifest.xml:9:5-15:19
MERGED from [:firebase_core] AndroidManifest.xml:9:5-15:19
MERGED from [:geolocator_android] AndroidManifest.xml:11:5-17:19
MERGED from [:geolocator_android] AndroidManifest.xml:11:5-17:19
MERGED from [:flutter_local_notifications] AndroidManifest.xml:15:5-29:19
MERGED from [:flutter_local_notifications] AndroidManifest.xml:15:5-29:19
MERGED from [:url_launcher_android] AndroidManifest.xml:9:5-14:19
MERGED from [:url_launcher_android] AndroidManifest.xml:9:5-14:19
MERGED from [:location] AndroidManifest.xml:12:5-18:19
MERGED from [:location] AndroidManifest.xml:12:5-18:19
MERGED from [com.google.firebase:firebase-analytics:21.2.0] AndroidManifest.xml:7:5-20
MERGED from [com.google.firebase:firebase-analytics:21.2.0] AndroidManifest.xml:7:5-20
MERGED from [com.google.firebase:firebase-messaging:23.1.0] AndroidManifest.xml:30:5-59:19
MERGED from [com.google.firebase:firebase-messaging:23.1.0] AndroidManifest.xml:30:5-59:19
MERGED from [com.google.firebase:firebase-datatransport:18.1.7] AndroidManifest.xml:23:5-31:19
MERGED from [com.google.firebase:firebase-datatransport:18.1.7] AndroidManifest.xml:23:5-31:19
MERGED from [com.google.android.datatransport:transport-backend-cct:3.1.8] AndroidManifest.xml:27:5-35:19
MERGED from [com.google.android.datatransport:transport-backend-cct:3.1.8] AndroidManifest.xml:27:5-35:19
MERGED from [com.google.android.datatransport:transport-runtime:3.1.8] AndroidManifest.xml:25:5-39:19
MERGED from [com.google.android.datatransport:transport-runtime:3.1.8] AndroidManifest.xml:25:5-39:19
MERGED from [com.google.firebase:firebase-iid:21.1.0] AndroidManifest.xml:28:5-36:19
MERGED from [com.google.firebase:firebase-iid:21.1.0] AndroidManifest.xml:28:5-36:19
MERGED from [com.google.firebase:firebase-firestore:24.4.0] AndroidManifest.xml:15:5-23:19
MERGED from [com.google.firebase:firebase-firestore:24.4.0] AndroidManifest.xml:15:5-23:19
MERGED from [com.google.firebase:firebase-storage:20.1.0] AndroidManifest.xml:28:5-36:19
MERGED from [com.google.firebase:firebase-storage:20.1.0] AndroidManifest.xml:28:5-36:19
MERGED from [com.google.firebase:firebase-database:20.1.0] AndroidManifest.xml:27:5-35:19
MERGED from [com.google.firebase:firebase-database:20.1.0] AndroidManifest.xml:27:5-35:19
MERGED from [com.google.android.gms:play-services-measurement-api:21.2.0] AndroidManifest.xml:27:5-35:19
MERGED from [com.google.android.gms:play-services-measurement-api:21.2.0] AndroidManifest.xml:27:5-35:19
MERGED from [com.google.firebase:firebase-appcheck-interop:16.1.0] AndroidManifest.xml:23:5-20
MERGED from [com.google.firebase:firebase-appcheck-interop:16.1.0] AndroidManifest.xml:23:5-20
MERGED from [com.google.firebase:firebase-auth-interop:19.0.2] AndroidManifest.xml:7:5-8:19
MERGED from [com.google.firebase:firebase-auth-interop:19.0.2] AndroidManifest.xml:7:5-8:19
MERGED from [com.google.firebase:firebase-installations:17.1.0] AndroidManifest.xml:13:5-21:19
MERGED from [com.google.firebase:firebase-installations:17.1.0] AndroidManifest.xml:13:5-21:19
MERGED from [com.google.firebase:firebase-common:20.2.0] AndroidManifest.xml:24:5-37:19
MERGED from [com.google.firebase:firebase-common:20.2.0] AndroidManifest.xml:24:5-37:19
MERGED from [com.google.android.gms:play-services-location:20.0.0] AndroidManifest.xml:7:5-20
MERGED from [com.google.android.gms:play-services-location:20.0.0] AndroidManifest.xml:7:5-20
MERGED from [com.google.android.gms:play-services-maps:18.1.0] AndroidManifest.xml:36:5-42:19
MERGED from [com.google.android.gms:play-services-maps:18.1.0] AndroidManifest.xml:36:5-42:19
MERGED from [com.google.android.gms:play-services-measurement:21.2.0] AndroidManifest.xml:28:5-44:19
MERGED from [com.google.android.gms:play-services-measurement:21.2.0] AndroidManifest.xml:28:5-44:19
MERGED from [com.google.android.gms:play-services-measurement-sdk:21.2.0] AndroidManifest.xml:22:5-23:19
MERGED from [com.google.android.gms:play-services-measurement-sdk:21.2.0] AndroidManifest.xml:22:5-23:19
MERGED from [com.google.android.gms:play-services-base:18.0.1] AndroidManifest.xml:19:5-23:19
MERGED from [com.google.android.gms:play-services-base:18.0.1] AndroidManifest.xml:19:5-23:19
MERGED from [com.google.firebase:firebase-iid-interop:17.1.0] AndroidManifest.xml:7:5-8:19
MERGED from [com.google.firebase:firebase-iid-interop:17.1.0] AndroidManifest.xml:7:5-8:19
MERGED from [com.google.android.gms:play-services-tasks:18.0.1] AndroidManifest.xml:5:5-20
MERGED from [com.google.android.gms:play-services-tasks:18.0.1] AndroidManifest.xml:5:5-20
MERGED from [com.google.android.gms:play-services-measurement-impl:21.2.0] AndroidManifest.xml:29:5-30:19
MERGED from [com.google.android.gms:play-services-measurement-impl:21.2.0] AndroidManifest.xml:29:5-30:19
MERGED from [com.google.android.gms:play-services-stats:17.0.2] AndroidManifest.xml:7:5-20
MERGED from [com.google.android.gms:play-services-stats:17.0.2] AndroidManifest.xml:7:5-20
MERGED from [com.google.firebase:firebase-measurement-connector:19.0.0] AndroidManifest.xml:22:5-23:19
MERGED from [com.google.firebase:firebase-measurement-connector:19.0.0] AndroidManifest.xml:22:5-23:19
MERGED from [com.google.android.gms:play-services-ads-identifier:18.0.0] AndroidManifest.xml:25:5-20
MERGED from [com.google.android.gms:play-services-ads-identifier:18.0.0] AndroidManifest.xml:25:5-20
MERGED from [com.google.android.gms:play-services-measurement-base:21.2.0] AndroidManifest.xml:7:5-20
MERGED from [com.google.android.gms:play-services-measurement-base:21.2.0] AndroidManifest.xml:7:5-20
MERGED from [com.google.android.gms:play-services-basement:18.1.0] AndroidManifest.xml:20:5-24:19
MERGED from [com.google.android.gms:play-services-basement:18.1.0] AndroidManifest.xml:20:5-24:19
MERGED from [androidx.emoji2:emoji2:1.0.0] AndroidManifest.xml:25:5-35:19
MERGED from [androidx.emoji2:emoji2:1.0.0] AndroidManifest.xml:25:5-35:19
MERGED from [androidx.window:window:1.0.0-beta04] AndroidManifest.xml:24:5-31:19
MERGED from [androidx.window:window:1.0.0-beta04] AndroidManifest.xml:24:5-31:19
MERGED from [androidx.core:core:1.8.0] AndroidManifest.xml:24:5-89
MERGED from [androidx.core:core:1.8.0] AndroidManifest.xml:24:5-89
MERGED from [androidx.lifecycle:lifecycle-process:2.4.0] AndroidManifest.xml:25:5-35:19
MERGED from [androidx.lifecycle:lifecycle-process:2.4.0] AndroidManifest.xml:25:5-35:19
MERGED from [androidx.startup:startup-runtime:1.0.0] AndroidManifest.xml:25:5-31:19
MERGED from [androidx.startup:startup-runtime:1.0.0] AndroidManifest.xml:25:5-31:19
MERGED from [androidx.versionedparcelable:versionedparcelable:1.1.1] AndroidManifest.xml:24:5-25:19
MERGED from [androidx.versionedparcelable:versionedparcelable:1.1.1] AndroidManifest.xml:24:5-25:19
MERGED from [com.jakewharton.threetenabp:threetenabp:1.2.3] AndroidManifest.xml:7:5-20
MERGED from [com.jakewharton.threetenabp:threetenabp:1.2.3] AndroidManifest.xml:7:5-20
MERGED from [com.journeyapps:zxing-android-embedded:4.3.0] AndroidManifest.xml:46:5-54:19
MERGED from [com.journeyapps:zxing-android-embedded:4.3.0] AndroidManifest.xml:46:5-54:19
	android:appComponentFactory
		ADDED from [androidx.core:core:1.8.0] AndroidManifest.xml:24:18-86
	android:label
		ADDED from src\main\AndroidManifest.xml:8:9-31
	android:icon
		ADDED from src\main\AndroidManifest.xml:9:9-43
activity#com.gal.colineleIasului.qr_4_all.MainActivity
ADDED from src\main\AndroidManifest.xml:10:9-43:20
	android:screenOrientation
		ADDED from src\main\AndroidManifest.xml:12:13-49
	android:launchMode
		ADDED from src\main\AndroidManifest.xml:13:13-43
	android:hardwareAccelerated
		ADDED from src\main\AndroidManifest.xml:16:13-47
	android:windowSoftInputMode
		ADDED from src\main\AndroidManifest.xml:17:13-55
	android:configChanges
		ADDED from src\main\AndroidManifest.xml:15:13-163
	android:theme
		ADDED from src\main\AndroidManifest.xml:14:13-47
	android:name
		ADDED from src\main\AndroidManifest.xml:11:13-41
meta-data#io.flutter.embedding.android.NormalTheme
ADDED from src\main\AndroidManifest.xml:22:13-25:17
	android:resource
		ADDED from src\main\AndroidManifest.xml:24:15-52
	android:name
		ADDED from src\main\AndroidManifest.xml:23:15-70
meta-data#io.flutter.embedding.android.SplashScreenDrawable
ADDED from src\main\AndroidManifest.xml:31:13-34:17
	android:resource
		ADDED from src\main\AndroidManifest.xml:33:15-61
	android:name
		ADDED from src\main\AndroidManifest.xml:32:15-79
intent-filter#action:name:android.intent.action.MAIN+category:name:android.intent.category.LAUNCHER
ADDED from src\main\AndroidManifest.xml:35:13-38:29
action#android.intent.action.MAIN
ADDED from src\main\AndroidManifest.xml:36:17-68
	android:name
		ADDED from src\main\AndroidManifest.xml:36:25-66
category#android.intent.category.LAUNCHER
ADDED from src\main\AndroidManifest.xml:37:17-76
	android:name
		ADDED from src\main\AndroidManifest.xml:37:27-74
intent-filter#action:name:FLUTTER_NOTIFICATION_CLICK+category:name:android.intent.category.DEFAULT
ADDED from src\main\AndroidManifest.xml:39:13-42:29
action#FLUTTER_NOTIFICATION_CLICK
ADDED from src\main\AndroidManifest.xml:40:17-68
	android:name
		ADDED from src\main\AndroidManifest.xml:40:25-66
category#android.intent.category.DEFAULT
ADDED from src\main\AndroidManifest.xml:41:17-75
	android:name
		ADDED from src\main\AndroidManifest.xml:41:27-73
meta-data#flutterEmbedding
ADDED from src\main\AndroidManifest.xml:46:9-48:33
	android:value
		ADDED from src\main\AndroidManifest.xml:48:13-30
	android:name
		ADDED from src\main\AndroidManifest.xml:47:13-44
meta-data#com.google.android.geo.API_KEY
ADDED from src\main\AndroidManifest.xml:49:8-50:71
	android:value
		ADDED from src\main\AndroidManifest.xml:50:12-69
	android:name
		ADDED from src\main\AndroidManifest.xml:49:19-66
uses-sdk
INJECTED from src\main\AndroidManifest.xml reason: use-sdk injection requested
INJECTED from src\main\AndroidManifest.xml
INJECTED from src\main\AndroidManifest.xml
MERGED from [:firebase_database] AndroidManifest.xml:5:5-7:41
MERGED from [:firebase_database] AndroidManifest.xml:5:5-7:41
MERGED from [:cloud_firestore] AndroidManifest.xml:5:5-7:41
MERGED from [:cloud_firestore] AndroidManifest.xml:5:5-7:41
MERGED from [:firebase_storage] AndroidManifest.xml:5:5-7:41
MERGED from [:firebase_storage] AndroidManifest.xml:5:5-7:41
MERGED from [:firebase_messaging] AndroidManifest.xml:5:5-7:41
MERGED from [:firebase_messaging] AndroidManifest.xml:5:5-7:41
MERGED from [:firebase_core] AndroidManifest.xml:5:5-7:41
MERGED from [:firebase_core] AndroidManifest.xml:5:5-7:41
MERGED from [:geolocator_android] AndroidManifest.xml:5:5-7:41
MERGED from [:geolocator_android] AndroidManifest.xml:5:5-7:41
MERGED from [:google_maps_flutter_android] AndroidManifest.xml:5:5-7:41
MERGED from [:google_maps_flutter_android] AndroidManifest.xml:5:5-7:41
MERGED from [:flutter_plugin_android_lifecycle] AndroidManifest.xml:5:5-7:41
MERGED from [:flutter_plugin_android_lifecycle] AndroidManifest.xml:5:5-7:41
MERGED from [:flutter_local_notifications] AndroidManifest.xml:5:5-7:41
MERGED from [:flutter_local_notifications] AndroidManifest.xml:5:5-7:41
MERGED from [:url_launcher_android] AndroidManifest.xml:5:5-7:41
MERGED from [:url_launcher_android] AndroidManifest.xml:5:5-7:41
MERGED from [:path_provider_android] AndroidManifest.xml:5:5-7:41
MERGED from [:path_provider_android] AndroidManifest.xml:5:5-7:41
MERGED from [:android_intent_plus] AndroidManifest.xml:5:5-7:41
MERGED from [:android_intent_plus] AndroidManifest.xml:5:5-7:41
MERGED from [:qr_code_scanner] AndroidManifest.xml:6:5-9:67
MERGED from [:qr_code_scanner] AndroidManifest.xml:6:5-9:67
MERGED from [:webview_flutter_android] AndroidManifest.xml:5:5-7:41
MERGED from [:webview_flutter_android] AndroidManifest.xml:5:5-7:41
MERGED from [:shared_preferences_android] AndroidManifest.xml:5:5-7:41
MERGED from [:shared_preferences_android] AndroidManifest.xml:5:5-7:41
MERGED from [:geocoding] AndroidManifest.xml:5:5-7:41
MERGED from [:geocoding] AndroidManifest.xml:5:5-7:41
MERGED from [:fluttertoast] AndroidManifest.xml:5:5-7:41
MERGED from [:fluttertoast] AndroidManifest.xml:5:5-7:41
MERGED from [:location] AndroidManifest.xml:5:5-7:41
MERGED from [:location] AndroidManifest.xml:5:5-7:41
MERGED from [androidx.multidex:multidex:2.0.0] AndroidManifest.xml:20:5-43
MERGED from [androidx.multidex:multidex:2.0.0] AndroidManifest.xml:20:5-43
MERGED from [com.google.firebase:firebase-analytics:21.2.0] AndroidManifest.xml:5:5-44
MERGED from [com.google.firebase:firebase-analytics:21.2.0] AndroidManifest.xml:5:5-44
MERGED from [com.google.firebase:firebase-messaging:23.1.0] AndroidManifest.xml:20:5-22:41
MERGED from [com.google.firebase:firebase-messaging:23.1.0] AndroidManifest.xml:20:5-22:41
MERGED from [com.google.firebase:firebase-datatransport:18.1.7] AndroidManifest.xml:18:5-20:41
MERGED from [com.google.firebase:firebase-datatransport:18.1.7] AndroidManifest.xml:18:5-20:41
MERGED from [com.google.android.datatransport:transport-backend-cct:3.1.8] AndroidManifest.xml:18:5-20:41
MERGED from [com.google.android.datatransport:transport-backend-cct:3.1.8] AndroidManifest.xml:18:5-20:41
MERGED from [com.google.android.datatransport:transport-runtime:3.1.8] AndroidManifest.xml:18:5-20:41
MERGED from [com.google.android.datatransport:transport-runtime:3.1.8] AndroidManifest.xml:18:5-20:41
MERGED from [com.google.firebase:firebase-encoders-json:18.0.0] AndroidManifest.xml:19:5-21:41
MERGED from [com.google.firebase:firebase-encoders-json:18.0.0] AndroidManifest.xml:19:5-21:41
MERGED from [com.google.firebase:firebase-iid:21.1.0] AndroidManifest.xml:20:5-44
MERGED from [com.google.firebase:firebase-iid:21.1.0] AndroidManifest.xml:20:5-44
MERGED from [com.google.firebase:firebase-firestore:24.4.0] AndroidManifest.xml:6:5-8:41
MERGED from [com.google.firebase:firebase-firestore:24.4.0] AndroidManifest.xml:6:5-8:41
MERGED from [com.google.firebase:firebase-storage:20.1.0] AndroidManifest.xml:19:5-21:41
MERGED from [com.google.firebase:firebase-storage:20.1.0] AndroidManifest.xml:19:5-21:41
MERGED from [com.google.firebase:firebase-database:20.1.0] AndroidManifest.xml:18:5-20:41
MERGED from [com.google.firebase:firebase-database:20.1.0] AndroidManifest.xml:18:5-20:41
MERGED from [com.google.android.gms:play-services-measurement-api:21.2.0] AndroidManifest.xml:20:5-44
MERGED from [com.google.android.gms:play-services-measurement-api:21.2.0] AndroidManifest.xml:20:5-44
MERGED from [com.google.firebase:firebase-appcheck-interop:16.1.0] AndroidManifest.xml:18:5-20:41
MERGED from [com.google.firebase:firebase-appcheck-interop:16.1.0] AndroidManifest.xml:18:5-20:41
MERGED from [com.google.firebase:firebase-auth-interop:19.0.2] AndroidManifest.xml:5:5-44
MERGED from [com.google.firebase:firebase-auth-interop:19.0.2] AndroidManifest.xml:5:5-44
MERGED from [com.google.firebase:firebase-installations:17.1.0] AndroidManifest.xml:5:5-7:41
MERGED from [com.google.firebase:firebase-installations:17.1.0] AndroidManifest.xml:5:5-7:41
MERGED from [com.google.firebase:firebase-common:20.2.0] AndroidManifest.xml:19:5-21:41
MERGED from [com.google.firebase:firebase-common:20.2.0] AndroidManifest.xml:19:5-21:41
MERGED from [androidx.media:media:1.1.0] AndroidManifest.xml:20:5-22:41
MERGED from [androidx.media:media:1.1.0] AndroidManifest.xml:20:5-22:41
MERGED from [androidx.appcompat:appcompat:1.4.2] AndroidManifest.xml:20:5-22:41
MERGED from [androidx.appcompat:appcompat:1.4.2] AndroidManifest.xml:20:5-22:41
MERGED from [androidx.webkit:webkit:1.5.0] AndroidManifest.xml:20:5-44
MERGED from [androidx.webkit:webkit:1.5.0] AndroidManifest.xml:20:5-44
MERGED from [androidx.core:core-ktx:1.3.2] AndroidManifest.xml:5:5-7:41
MERGED from [androidx.core:core-ktx:1.3.2] AndroidManifest.xml:5:5-7:41
MERGED from [androidx.window:window-java:1.0.0-beta04] AndroidManifest.xml:19:5-21:41
MERGED from [androidx.window:window-java:1.0.0-beta04] AndroidManifest.xml:19:5-21:41
MERGED from [com.google.android.gms:play-services-location:20.0.0] AndroidManifest.xml:5:5-44
MERGED from [com.google.android.gms:play-services-location:20.0.0] AndroidManifest.xml:5:5-44
MERGED from [com.google.android.gms:play-services-maps:18.1.0] AndroidManifest.xml:20:5-44
MERGED from [com.google.android.gms:play-services-maps:18.1.0] AndroidManifest.xml:20:5-44
MERGED from [com.google.android.gms:play-services-measurement:21.2.0] AndroidManifest.xml:20:5-44
MERGED from [com.google.android.gms:play-services-measurement:21.2.0] AndroidManifest.xml:20:5-44
MERGED from [com.google.android.gms:play-services-measurement-sdk:21.2.0] AndroidManifest.xml:20:5-44
MERGED from [com.google.android.gms:play-services-measurement-sdk:21.2.0] AndroidManifest.xml:20:5-44
MERGED from [com.google.firebase:firebase-database-collection:18.0.1] AndroidManifest.xml:5:5-7:41
MERGED from [com.google.firebase:firebase-database-collection:18.0.1] AndroidManifest.xml:5:5-7:41
MERGED from [com.google.android.gms:play-services-base:18.0.1] AndroidManifest.xml:18:5-43
MERGED from [com.google.android.gms:play-services-base:18.0.1] AndroidManifest.xml:18:5-43